jmplus-handoff/src/zh/jmcomicplus/build/intermediates/manifest_merge_blame_file/debug/processDebugMainManifest/manifest-merger-blame-debug-report.txt
1<?xml version="1.0" encoding="utf-8"?>
2<!-- Generated by kei.plugins.extension — do not edit by hand. -->
3<manifest xmlns:android="http://schemas.android.com/apk/res/android"
4    package="eu.kanade.tachiyomi.extension.zh.jmcomicplus"
5    android:versionCode="106002"
6    android:versionName="1.6.2" >
7
8    <uses-sdk
8-->INJECTED
9        android:minSdkVersion="26"
9-->INJECTED
10        android:targetSdkVersion="37" />
10-->INJECTED
11
12    <uses-feature android:name="tachiyomi.extension" />
12-->manifests/generateExtensionManifest/AndroidManifest.xml:4:5-56
12-->manifests/generateExtensionManifest/AndroidManifest.xml:4:19-53
13
14    <application
14-->manifests/generateExtensionManifest/AndroidManifest.xml:5:5-32:19
15        android:allowBackup="false"
15-->manifests/generateExtensionManifest/AndroidManifest.xml:6:9-36
16        android:debuggable="true"
17        android:extractNativeLibs="false"
17-->INJECTED
18        android:icon="@mipmap/ic_launcher"
18-->manifests/generateExtensionManifest/AndroidManifest.xml:7:9-43
19        android:label="Tachiyomi: JMComic Plus" >
19-->manifests/generateExtensionManifest/AndroidManifest.xml:8:9-48
20        <meta-data
20-->manifests/generateExtensionManifest/AndroidManifest.xml:9:9-82
21            android:name="tachiyomix.name"
21-->manifests/generateExtensionManifest/AndroidManifest.xml:9:20-50
22            android:value="JMComic Plus" />
22-->manifests/generateExtensionManifest/AndroidManifest.xml:9:51-79
23        <meta-data
23-->manifests/generateExtensionManifest/AndroidManifest.xml:10:9-106
24            android:name="tachiyomi.extension.class"
24-->manifests/generateExtensionManifest/AndroidManifest.xml:10:20-60
25            android:value="keiyoushi.source.Generated" />
25-->manifests/generateExtensionManifest/AndroidManifest.xml:10:61-103
26        <meta-data
26-->manifests/generateExtensionManifest/AndroidManifest.xml:11:9-80
27            android:name="tachiyomi.extension.nsfw"
27-->manifests/generateExtensionManifest/AndroidManifest.xml:11:20-59
28            android:value="1" />
28-->manifests/generateExtensionManifest/AndroidManifest.xml:11:60-77
29        <meta-data
29-->manifests/generateExtensionManifest/AndroidManifest.xml:12:9-81
30            android:name="tachiyomix.contentWarning"
30-->manifests/generateExtensionManifest/AndroidManifest.xml:12:20-60
31            android:value="2" />
31-->manifests/generateExtensionManifest/AndroidManifest.xml:12:61-78
32        <meta-data
32-->manifests/generateExtensionManifest/AndroidManifest.xml:13:9-81
33            android:name="tachiyomix.extensionLib"
33-->manifests/generateExtensionManifest/AndroidManifest.xml:13:20-58
34            android:value="1.6" />
34-->manifests/generateExtensionManifest/AndroidManifest.xml:13:59-78
35
36        <activity
36-->manifests/generateExtensionManifest/AndroidManifest.xml:14:9-31:20
37            android:name="keiyoushi.source.UrlActivity"
37-->manifests/generateExtensionManifest/AndroidManifest.xml:15:13-56
38            android:excludeFromRecents="true"
38-->manifests/generateExtensionManifest/AndroidManifest.xml:16:13-46
39            android:exported="true"
39-->manifests/generateExtensionManifest/AndroidManifest.xml:17:13-36
40            android:theme="@android:style/Theme.NoDisplay" >
40-->manifests/generateExtensionManifest/AndroidManifest.xml:18:13-59
41            <intent-filter>
41-->manifests/generateExtensionManifest/AndroidManifest.xml:19:13-30:29
42                <action android:name="android.intent.action.VIEW" />
42-->manifests/generateExtensionManifest/AndroidManifest.xml:20:17-69
42-->manifests/generateExtensionManifest/AndroidManifest.xml:20:25-66
43
44                <category android:name="android.intent.category.DEFAULT" />
44-->manifests/generateExtensionManifest/AndroidManifest.xml:21:17-76
44-->manifests/generateExtensionManifest/AndroidManifest.xml:21:27-73
45                <category android:name="android.intent.category.BROWSABLE" />
45-->manifests/generateExtensionManifest/AndroidManifest.xml:22:17-78
45-->manifests/generateExtensionManifest/AndroidManifest.xml:22:27-75
46
47                <data android:scheme="https" />
47-->manifests/generateExtensionManifest/AndroidManifest.xml:23:17-48
47-->manifests/generateExtensionManifest/AndroidManifest.xml:23:23-45
48                <data android:scheme="http" />
48-->manifests/generateExtensionManifest/AndroidManifest.xml:23:17-48
48-->manifests/generateExtensionManifest/AndroidManifest.xml:23:23-45
49                <data android:host="18comic.vip" />
49-->manifests/generateExtensionManifest/AndroidManifest.xml:23:17-48
49-->manifests/generateExtensionManifest/AndroidManifest.xml:25:23-49
50                <data android:host="18comic.ink" />
50-->manifests/generateExtensionManifest/AndroidManifest.xml:23:17-48
50-->manifests/generateExtensionManifest/AndroidManifest.xml:25:23-49
51                <data android:host="jmcomic-zzz.one" />
51-->manifests/generateExtensionManifest/AndroidManifest.xml:23:17-48
51-->manifests/generateExtensionManifest/AndroidManifest.xml:25:23-49
52                <data android:host="jmcomic-zzz.org" />
52-->manifests/generateExtensionManifest/AndroidManifest.xml:23:17-48
52-->manifests/generateExtensionManifest/AndroidManifest.xml:25:23-49
53                <data android:pathPattern="/album/..*" />
53-->manifests/generateExtensionManifest/AndroidManifest.xml:23:17-48
53-->manifests/generateExtensionManifest/AndroidManifest.xml:29:23-55
54            </intent-filter>
55        </activity>
56    </application>
57
58</manifest>